Determining if the C compiler works failed with the following output:
Change Dir: C:/Users/root/Desktop/kth-kista-högskoleingjör-datateknik/Y2/Algorithmer & Datastrukturer/The-Fundamentals/LinkedLists/C-singleLinked/LinkedList/cmake-build-debug/CMakeFiles/CMakeTmp

Run Build Command(s):C:/PROGRA~1/MINGW-~1/X86_64~1.0-P/mingw64/bin/mingw32-make.exe cmTC_0e2d6/fast && C:/PROGRA~1/MINGW-~1/X86_64~1.0-P/mingw64/bin/mingw32-make.exe -f CMakeFiles\cmTC_0e2d6.dir\build.make CMakeFiles/cmTC_0e2d6.dir/build
mingw32-make.exe[1]: Entering directory 'C:/Users/root/Desktop/kth-kista-h÷gskoleingj÷r-datateknik/Y2/Algorithmer & Datastrukturer/The-Fundamentals/LinkedLists/C-singleLinked/LinkedList/cmake-build-debug/CMakeFiles/CMakeTmp'
Building C object CMakeFiles/cmTC_0e2d6.dir/testCCompiler.c.obj
C:\PROGRA~1\MINGW-~1\X86_64~1.0-P\mingw64\bin\gcc.exe    -o CMakeFiles\cmTC_0e2d6.dir\testCCompiler.c.obj   -c "C:\Users\root\Desktop\kth-kista-h├Âgskoleingj├Âr-datateknik\Y2\Algorithmer & Datastrukturer\The-Fundamentals\LinkedLists\C-singleLinked\LinkedList\cmake-build-debug\CMakeFiles\CMakeTmp\testCCompiler.c"
gcc.exe: error: C:\Users\root\Desktop\kth-kista-h├Âgskoleingj├Âr-datateknik\Y2\Algorithmer & Datastrukturer\The-Fundamentals\LinkedLists\C-singleLinked\LinkedList\cmake-build-debug\CMakeFiles\CMakeTmp\testCCompiler.c: No such file or directory
gcc.exe: fatal error: no input files
compilation terminated.
mingw32-make.exe[1]: *** [CMakeFiles\cmTC_0e2d6.dir\build.make:65: CMakeFiles/cmTC_0e2d6.dir/testCCompiler.c.obj] Error 1
mingw32-make.exe[1]: Leaving directory 'C:/Users/root/Desktop/kth-kista-h÷gskoleingj÷r-datateknik/Y2/Algorithmer & Datastrukturer/The-Fundamentals/LinkedLists/C-singleLinked/LinkedList/cmake-build-debug/CMakeFiles/CMakeTmp'
mingw32-make.exe: *** [Makefile:120: cmTC_0e2d6/fast] Error 2



Determining if the C compiler works failed with the following output:
Change Dir: C:/Users/root/Desktop/kth-kista-högskoleingjör-datateknik/Y2/Algorithmer & Datastrukturer/The-Fundamentals/LinkedLists/C-singleLinked/LinkedList/cmake-build-debug/CMakeFiles/CMakeTmp

Run Build Command(s):C:/PROGRA~1/MINGW-~1/X86_64~1.0-P/mingw64/bin/mingw32-make.exe cmTC_1661c/fast && C:/PROGRA~1/MINGW-~1/X86_64~1.0-P/mingw64/bin/mingw32-make.exe -f CMakeFiles\cmTC_1661c.dir\build.make CMakeFiles/cmTC_1661c.dir/build
mingw32-make.exe[1]: Entering directory 'C:/Users/root/Desktop/kth-kista-h÷gskoleingj÷r-datateknik/Y2/Algorithmer & Datastrukturer/The-Fundamentals/LinkedLists/C-singleLinked/LinkedList/cmake-build-debug/CMakeFiles/CMakeTmp'
Building C object CMakeFiles/cmTC_1661c.dir/testCCompiler.c.obj
C:\PROGRA~1\MINGW-~1\X86_64~1.0-P\mingw64\bin\gcc.exe    -o CMakeFiles\cmTC_1661c.dir\testCCompiler.c.obj   -c "C:\Users\root\Desktop\kth-kista-h├Âgskoleingj├Âr-datateknik\Y2\Algorithmer & Datastrukturer\The-Fundamentals\LinkedLists\C-singleLinked\LinkedList\cmake-build-debug\CMakeFiles\CMakeTmp\testCCompiler.c"
gcc.exe: error: C:\Users\root\Desktop\kth-kista-h├Âgskoleingj├Âr-datateknik\Y2\Algorithmer & Datastrukturer\The-Fundamentals\LinkedLists\C-singleLinked\LinkedList\cmake-build-debug\CMakeFiles\CMakeTmp\testCCompiler.c: No such file or directory
gcc.exe: fatal error: no input files
compilation terminated.
mingw32-make.exe[1]: *** [CMakeFiles\cmTC_1661c.dir\build.make:65: CMakeFiles/cmTC_1661c.dir/testCCompiler.c.obj] Error 1
mingw32-make.exe[1]: Leaving directory 'C:/Users/root/Desktop/kth-kista-h÷gskoleingj÷r-datateknik/Y2/Algorithmer & Datastrukturer/The-Fundamentals/LinkedLists/C-singleLinked/LinkedList/cmake-build-debug/CMakeFiles/CMakeTmp'
mingw32-make.exe: *** [Makefile:120: cmTC_1661c/fast] Error 2



